[debug] [2018-06-18T10:28:52.873Z] ----------------------------------------------------------------------
[debug] [2018-06-18T10:28:52.876Z] Command:       /Users/calummoore/.nvm/versions/node/v9.10.1/bin/node /Users/calummoore/.nvm/versions/node/v9.10.1/bin/firebase deploy
[debug] [2018-06-18T10:28:52.876Z] CLI Version:   3.18.2
[debug] [2018-06-18T10:28:52.876Z] Platform:      darwin
[debug] [2018-06-18T10:28:52.876Z] Node Version:  v9.10.1
[debug] [2018-06-18T10:28:52.877Z] Time:          Mon Jun 18 2018 11:28:52 GMT+0100 (BST)
[debug] [2018-06-18T10:28:52.877Z] ----------------------------------------------------------------------
[debug] 
[debug] [2018-06-18T10:28:52.895Z] > command requires scopes: ["email","openid","https://www.googleapis.com/auth/cloudplatformprojects.readonly","https://www.googleapis.com/auth/firebase","https://www.googleapis.com/auth/cloud-platform"]
[debug] [2018-06-18T10:28:52.895Z] > authorizing via signed-in user
[debug] [2018-06-18T10:28:52.896Z] > refreshing access token with scopes: ["email","https://www.googleapis.com/auth/cloud-platform","https://www.googleapis.com/auth/cloudplatformprojects.readonly","https://www.googleapis.com/auth/firebase","openid"]
[debug] [2018-06-18T10:28:52.897Z] >>> HTTP REQUEST POST https://www.googleapis.com/oauth2/v3/token  
 { refresh_token: '1/VRHLBHAUEBztqW50YVzolSE51tfF6k7BI0Poyid2TVA',
  client_id: '563584335869-fgrhgmd47bqnekij5i8b5pr03ho849e6.apps.googleusercontent.com',
  client_secret: 'j9iVZfS8kkCEFUPaAeJV0sAi',
  grant_type: 'refresh_token',
  scope: 'email https://www.googleapis.com/auth/cloud-platform https://www.googleapis.com/auth/cloudplatformprojects.readonly https://www.googleapis.com/auth/firebase openid' } 
 Mon Jun 18 2018 11:28:52 GMT+0100 (BST)
[info] 
[warn] ⚠  Your CLI authentication needs to be updated to take advantage of new features.
[warn] ⚠  Please run firebase login --reauth
[info] 
[debug] [2018-06-18T10:29:11.546Z] > command requires scopes: ["email","openid","https://www.googleapis.com/auth/cloudplatformprojects.readonly","https://www.googleapis.com/auth/firebase"]
[debug] [2018-06-18T10:29:11.546Z] > authorizing via signed-in user
[debug] [2018-06-18T10:29:11.546Z] > refreshing access token with scopes: ["email","https://www.googleapis.com/auth/cloudplatformprojects.readonly","https://www.googleapis.com/auth/firebase","openid"]
[debug] [2018-06-18T10:29:11.546Z] >>> HTTP REQUEST POST https://www.googleapis.com/oauth2/v3/token  
 { refresh_token: '1/VRHLBHAUEBztqW50YVzolSE51tfF6k7BI0Poyid2TVA',
  client_id: '563584335869-fgrhgmd47bqnekij5i8b5pr03ho849e6.apps.googleusercontent.com',
  client_secret: 'j9iVZfS8kkCEFUPaAeJV0sAi',
  grant_type: 'refresh_token',
  scope: 'email https://www.googleapis.com/auth/cloudplatformprojects.readonly https://www.googleapis.com/auth/firebase openid' } 
 Mon Jun 18 2018 11:29:11 GMT+0100 (BST)
[debug] [2018-06-18T10:29:19.227Z] <<< HTTP RESPONSE 200
[debug] [2018-06-18T10:29:19.241Z] >>> HTTP REQUEST GET https://admin.firebase.com/v1/projects/fir-rea-b8cd1  
  
 Mon Jun 18 2018 11:29:19 GMT+0100 (BST)
[debug] [2018-06-18T10:29:21.864Z] <<< HTTP RESPONSE 200
[debug] [2018-06-18T10:29:21.865Z] >>> HTTP REQUEST GET https://admin.firebase.com/v1/database/fir-rea-b8cd1/tokens  
  
 Mon Jun 18 2018 11:29:21 GMT+0100 (BST)
